0.187812
0.134844
0.146094
0.106250
0.106250
0.106250
0.106250
0.106250
0.187812
0.134844
0.146094
0.106250
0.106250
0.106250
0.106250
0.106250
0.187812
0.134844
0.146094
0.106250
0.106250
0.106250
0.106250
0.106250
0.188234
0.134422
0.146094
0.106250
0.106250
0.106250
0.106250
0.106250
0.188179
0.134477
0.146094
0.106250
0.106250
0.106250
0.106250
0.106250
0.188179
0.134477
0.146094
0.106250
0.106250
0.106250
0.106250
0.106250
0.188179
0.134477
0.146094
0.106250
0.106250
0.106250
0.106250
0.106250
0.188179
0.134477
0.146094
0.106250
0.106250
0.106250
0.106250
0.106250
0.188179
0.134477
0.146094
0.106250
0.106250
0.106250
0.106250
0.106250
